<?xml version="1.0" encoding="UTF-8"?>
<!-- Generated by org.testng.reporters.JUnitReportReporter -->
<testsuite hostname="DESKTOP-H95PFSP" failures="0" tests="1" name="TestCases.VerifyLogin" time="10.106" errors="0" timestamp="2022-11-12T00:06:04 IST" skipped="0">
  <testcase classname="TestCases.VerifyLogin" name="Login" time="10.106"/>
  <system-out/>
</testsuite> <!-- TestCases.VerifyLogin -->
